2025-10-21 23:21:46.387 - RealTimeSTT: realtimestt - INFO - Starting RealTimeSTT
2025-10-21 23:21:46.406 - RealTimeSTT: realtimestt - INFO - Initializing audio recording (creating pyAudio input stream, sample rate: 16000 buffer size: 512
2025-10-21 23:21:46.418 - RealTimeSTT: realtimestt - INFO - Initializing WebRTC voice with Sensitivity 3
2025-10-21 23:21:46.419 - RealTimeSTT: realtimestt - DEBUG - WebRTC VAD voice activity detection engine initialized successfully
2025-10-21 23:21:47.808 - RealTimeSTT: realtimestt - DEBUG - Silero VAD voice activity detection engine initialized successfully
2025-10-21 23:21:47.812 - RealTimeSTT: realtimestt - DEBUG - Starting realtime worker
2025-10-21 23:21:47.812 - RealTimeSTT: realtimestt - DEBUG - Waiting for main transcription model to start
2025-10-21 23:21:59.843 - RealTimeSTT: realtimestt - DEBUG - Main transcription model ready
2025-10-21 23:21:59.845 - RealTimeSTT: realtimestt - DEBUG - RealtimeSTT initialization completed successfully
2025-10-21 23:21:59.846 - RealTimeSTT: realtimestt - INFO - Setting listen time
2025-10-21 23:21:59.846 - RealTimeSTT: realtimestt - INFO - State changed from 'inactive' to 'listening'
2025-10-21 23:22:01.394 - RealTimeSTT: realtimestt - DEBUG - Waiting for recording start
2025-10-21 23:22:03.704 - RealTimeSTT: realtimestt - INFO - voice activity detected
2025-10-21 23:22:03.704 - RealTimeSTT: realtimestt - INFO - recording started
2025-10-21 23:22:03.704 - RealTimeSTT: realtimestt - INFO - State changed from 'listening' to 'recording'
2025-10-21 23:22:03.704 - RealTimeSTT: realtimestt - DEBUG - Waiting for recording stop
2025-10-21 23:22:05.437 - RealTimeSTT: realtimestt - INFO - recording stopped
2025-10-21 23:22:05.439 - RealTimeSTT: realtimestt - DEBUG - No samples removed, final audio length: 44032
2025-10-21 23:22:05.440 - RealTimeSTT: realtimestt - INFO - State changed from 'recording' to 'inactive'
2025-10-21 23:22:05.443 - RealTimeSTT: realtimestt - INFO - State changed from 'inactive' to 'transcribing'
2025-10-21 23:22:05.445 - RealTimeSTT: realtimestt - DEBUG - Adding transcription request, no early transcription started
2025-10-21 23:22:05.447 - RealTimeSTT: realtimestt - DEBUG - Receive from parent_transcription_pipe after sendiung transcription request, transcribe_count: 1
2025-10-21 23:22:05.558 - RealTimeSTT: realtimestt - DEBUG - Receive from parent_transcription_pipe after sendiung transcription request, transcribe_count: 1
2025-10-21 23:22:05.669 - RealTimeSTT: realtimestt - DEBUG - Receive from parent_transcription_pipe after sendiung transcription request, transcribe_count: 1
2025-10-21 23:22:05.781 - RealTimeSTT: realtimestt - DEBUG - Receive from parent_transcription_pipe after sendiung transcription request, transcribe_count: 1
2025-10-21 23:22:05.893 - RealTimeSTT: realtimestt - DEBUG - Receive from parent_transcription_pipe after sendiung transcription request, transcribe_count: 1
2025-10-21 23:22:06.005 - RealTimeSTT: realtimestt - DEBUG - Receive from parent_transcription_pipe after sendiung transcription request, transcribe_count: 1
2025-10-21 23:22:06.122 - RealTimeSTT: realtimestt - DEBUG - Receive from parent_transcription_pipe after sendiung transcription request, transcribe_count: 1
2025-10-21 23:22:06.210 - RealTimeSTT: realtimestt - INFO - State changed from 'transcribing' to 'inactive'
2025-10-21 23:22:06.217 - RealTimeSTT: realtimestt - DEBUG - Model tiny completed transcription in 0.77 seconds
2025-10-21 23:22:06.218 - RealTimeSTT: realtimestt - INFO - Setting listen time
2025-10-21 23:22:06.218 - RealTimeSTT: realtimestt - INFO - State changed from 'inactive' to 'listening'
2025-10-21 23:22:06.220 - RealTimeSTT: realtimestt - DEBUG - Waiting for recording start
2025-10-21 23:22:33.146 - RealTimeSTT: realtimestt - INFO - voice activity detected
2025-10-21 23:22:33.147 - RealTimeSTT: realtimestt - INFO - recording started
2025-10-21 23:22:33.147 - RealTimeSTT: realtimestt - INFO - State changed from 'listening' to 'recording'
2025-10-21 23:22:33.147 - RealTimeSTT: realtimestt - DEBUG - Waiting for recording stop
2025-10-21 23:22:36.089 - RealTimeSTT: realtimestt - INFO - recording stopped
2025-10-21 23:22:36.093 - RealTimeSTT: realtimestt - DEBUG - No samples removed, final audio length: 63488
2025-10-21 23:22:36.094 - RealTimeSTT: realtimestt - INFO - State changed from 'recording' to 'inactive'
2025-10-21 23:22:36.176 - RealTimeSTT: realtimestt - INFO - State changed from 'inactive' to 'transcribing'
2025-10-21 23:22:36.389 - RealTimeSTT: realtimestt - DEBUG - Adding transcription request, no early transcription started
2025-10-21 23:22:36.395 - RealTimeSTT: realtimestt - DEBUG - Receive from parent_transcription_pipe after sendiung transcription request, transcribe_count: 1
2025-10-21 23:22:36.496 - RealTimeSTT: realtimestt - DEBUG - Receive from parent_transcription_pipe after sendiung transcription request, transcribe_count: 1
2025-10-21 23:22:36.608 - RealTimeSTT: realtimestt - DEBUG - Receive from parent_transcription_pipe after sendiung transcription request, transcribe_count: 1
2025-10-21 23:22:36.710 - RealTimeSTT: realtimestt - DEBUG - Receive from parent_transcription_pipe after sendiung transcription request, transcribe_count: 1
2025-10-21 23:22:36.824 - RealTimeSTT: realtimestt - DEBUG - Receive from parent_transcription_pipe after sendiung transcription request, transcribe_count: 1
2025-10-21 23:22:36.937 - RealTimeSTT: realtimestt - DEBUG - Receive from parent_transcription_pipe after sendiung transcription request, transcribe_count: 1
2025-10-21 23:22:37.051 - RealTimeSTT: realtimestt - DEBUG - Receive from parent_transcription_pipe after sendiung transcription request, transcribe_count: 1
2025-10-21 23:22:37.161 - RealTimeSTT: realtimestt - DEBUG - Receive from parent_transcription_pipe after sendiung transcription request, transcribe_count: 1
2025-10-21 23:22:37.278 - RealTimeSTT: realtimestt - DEBUG - Receive from parent_transcription_pipe after sendiung transcription request, transcribe_count: 1
2025-10-21 23:22:37.279 - RealTimeSTT: realtimestt - INFO - State changed from 'transcribing' to 'inactive'
2025-10-21 23:22:37.323 - RealTimeSTT: realtimestt - DEBUG - Model tiny completed transcription in 0.93 seconds
2025-10-21 23:22:37.324 - RealTimeSTT: realtimestt - INFO - Setting listen time
2025-10-21 23:22:37.324 - RealTimeSTT: realtimestt - INFO - State changed from 'inactive' to 'listening'
2025-10-21 23:22:37.325 - RealTimeSTT: realtimestt - DEBUG - Waiting for recording start
2025-10-21 23:22:47.112 - RealTimeSTT: realtimestt - INFO - KeyboardInterrupt in wait_audio, shutting down
2025-10-21 23:22:47.116 - RealTimeSTT: realtimestt - DEBUG - Finishing recording thread
2025-10-21 23:22:47.129 - RealTimeSTT: realtimestt - DEBUG - Terminating reader process
2025-10-21 23:22:47.152 - RealTimeSTT: realtimestt - DEBUG - Receive from stdout pipe
2025-10-21 23:22:47.153 - RealTimeSTT: realtimestt - INFO - None
2025-10-21 23:22:47.936 - RealTimeSTT: realtimestt - DEBUG - Terminating transcription process
2025-10-21 23:22:47.991 - RealTimeSTT: realtimestt - DEBUG - Finishing realtime thread
2025-10-21 23:22:48.101 - RealTimeSTT: realtimestt - INFO - KeyboardInterrupt in text() method
